C51 COMPILER V9.60.0.0   MAIN                                                              11/04/2022 15:16:23 PAGE 1   


C51 COMPILER V9.60.0.0, COMPILATION OF MODULE MAIN
OBJECT MODULE PLACED IN .\Output\main.obj
COMPILER INVOKED BY: C:\Keil_v5\C51\BIN\C51.EXE ..\main.C OMF2 OPTIMIZE(7,SPEED) BROWSE INCDIR(..\..\..\..\Library\Devic
                    -e\Include;..\..\..\..\Library\StdDriver\inc) DEBUG PRINT(.\LST\main.lst) TABS(2) OBJECT(.\Output\main.obj)

line level    source

   1          /*--------------------------------------------------------------------------------------------------------
             --*/
   2          /*                                                                                                        
             - */
   3          /* Copyright(c) 2019 Nuvoton Technology Corp. All rights reserved.       */
   4          /*                                                                                                        
             - */
   5          /*--------------------------------------------------------------------------------------------------------
             --*/
   6          
   7          /*********************************************************************************************************
             -**/
   8          /* Website: http://www.nuvoton.com                                                                        
             - */
   9          /*  E-Mail : MicroC-8bit@nuvoton.com                                                                      
             - */
  10          /*  Date   : Jan/21/2019                                                                                  
             - */
  11          /*********************************************************************************************************
             -**/
  12          
  13          //********************************************************************************************************
             -***
  14          //  File Function: ML51 locate data in APROM simple demo 
  15          //********************************************************************************************************
             -***
  16          #include "ML51.h"
  17          #include "SPROM.h"
  18          
  19          
  20          
  21          void main (void) 
  22          {
  23   1          set_IAPUEN_SPMEN;             //Enable SPROM memory mapping only for check SPROM in memory window
  24   1          MFP_P31_UART0_TXD;          // Define in Function_define.h
  25   1          P31_QUASI_MODE;
  26   1          UART_Open(24000000,UART0_Timer1,115200);
  27   1          ENABLE_UART0_PRINTF;
  28   1          set_IAPUEN_SPUEN;
  29   1          
  30   1          printf ("\n Protect code = 0x%BX", protect);
  31   1          while(1)
  32   1          {
  33   2            SPROM_CODE();
  34   2            printf ("\n SPTEMP= 0x%BX", SPTEMP);
  35   2            Timer0_Delay(24000000,300,1000);
  36   2          }
  37   1      
  38   1      }


MODULE INFORMATION:   STATIC OVERLAYABLE
   CODE SIZE        =    146    ----
   CONSTANT SIZE    =     39    ----
C51 COMPILER V9.60.0.0   MAIN                                                              11/04/2022 15:16:23 PAGE 2   

   XDATA SIZE       =   ----    ----
   PDATA SIZE       =   ----    ----
   DATA SIZE        =   ----    ----
   IDATA SIZE       =   ----    ----
   BIT SIZE         =   ----    ----
   EDATA SIZE       =   ----    ----
   HDATA SIZE       =   ----    ----
   XDATA CONST SIZE =   ----    ----
   FAR CONST SIZE   =   ----    ----
END OF MODULE INFORMATION.


C51 COMPILATION COMPLETE.  0 WARNING(S),  0 ERROR(S)
