C51 COMPILER V9.60.0.0   PROTECTBIT                                                        11/04/2022 15:16:23 PAGE 1   


C51 COMPILER V9.60.0.0, COMPILATION OF MODULE PROTECTBIT
OBJECT MODULE PLACED IN .\Output\ProtectBit.obj
COMPILER INVOKED BY: C:\Keil_v5\C51\BIN\C51.EXE ..\ProtectBit.C OMF2 OPTIMIZE(7,SPEED) BROWSE INCDIR(..\..\..\..\Library
                    -\Device\Include;..\..\..\..\Library\StdDriver\inc) DEBUG PRINT(.\LST\ProtectBit.lst) TABS(2) OBJECT(.\Output\ProtectBit.
                    -obj)

line level    source

   1          /*--------------------------------------------------------------------------------------------------------
             --*/
   2          /*                                                                                                        
             - */
   3          /* SPDX-License-Identifier: Apache-2.0                                                                    
             - */
   4          /* Copyright(c) 2020 Nuvoton Technology Corp. All rights reserved.                                        
             - */
   5          /*                                                                                                        
             - */
   6          /*--------------------------------------------------------------------------------------------------------
             --*/
   7          
   8          //********************************************************************************************************
             -***
   9          //  File Function: ML51 GPIO demo code
  10          //********************************************************************************************************
             -***
  11          #include "ML51.h"
  12          
  13           
  14          unsigned char code protect [] = { 
  15          0xFF                        //Setting for un lock status, mark it if need lock
  16          //0X00                      //Setting for Lock 
  17          };
  18          
  19          
  20          
  21          
  22          


MODULE INFORMATION:   STATIC OVERLAYABLE
   CODE SIZE        =   ----    ----
   CONSTANT SIZE    =      1    ----
   XDATA SIZE       =   ----    ----
   PDATA SIZE       =   ----    ----
   DATA SIZE        =   ----    ----
   IDATA SIZE       =   ----    ----
   BIT SIZE         =   ----    ----
   EDATA SIZE       =   ----    ----
   HDATA SIZE       =   ----    ----
   XDATA CONST SIZE =   ----    ----
   FAR CONST SIZE   =   ----    ----
END OF MODULE INFORMATION.


C51 COMPILATION COMPLETE.  0 WARNING(S),  0 ERROR(S)
