C51 COMPILER V9.60.0.0   SPROM                                                             11/04/2022 15:16:23 PAGE 1   


C51 COMPILER V9.60.0.0, COMPILATION OF MODULE SPROM
OBJECT MODULE PLACED IN .\Output\SPROM.obj
COMPILER INVOKED BY: C:\Keil_v5\C51\BIN\C51.EXE ..\SPROM.C OMF2 OPTIMIZE(7,SPEED) BROWSE INCDIR(..\..\..\..\Library\Devi
                    -ce\Include;..\..\..\..\Library\StdDriver\inc) DEBUG PRINT(.\LST\SPROM.lst) TABS(2) OBJECT(.\Output\SPROM.obj)

line level    source

   1          /*--------------------------------------------------------------------------------------------------------
             --*/
   2          /*                                                                                                        
             - */
   3          /* Copyright(c) 2019 Nuvoton Technology Corp. All rights reserved.       */
   4          /*                                                                                                        
             - */
   5          /*--------------------------------------------------------------------------------------------------------
             --*/
   6          
   7          /*********************************************************************************************************
             -**/
   8          /* Website: http://www.nuvoton.com                                                                        
             - */
   9          /*  E-Mail : MicroC-8bit@nuvoton.com                                                                      
             - */
  10          /*  Date   : Jan/21/2019                                                                                  
             - */
  11          /*********************************************************************************************************
             -**/
  12          
  13          //********************************************************************************************************
             -***
  14          //  File Function: ML51 locate data in APROM simple demo 
  15          //********************************************************************************************************
             -***
  16          #include "ML51.h"
  17          #include "SPROM.h"
  18          
  19          unsigned char  SPTEMP=1;
  20          
  21          void SPROM_CODE (void)
  22          {
  23   1        SPTEMP++;
  24   1      
  25   1      }


MODULE INFORMATION:   STATIC OVERLAYABLE
   CODE SIZE        =      3    ----
   CONSTANT SIZE    =   ----    ----
   XDATA SIZE       =   ----    ----
   PDATA SIZE       =   ----    ----
   DATA SIZE        =      1    ----
   IDATA SIZE       =   ----    ----
   BIT SIZE         =   ----    ----
   EDATA SIZE       =   ----    ----
   HDATA SIZE       =   ----    ----
   XDATA CONST SIZE =   ----    ----
   FAR CONST SIZE   =   ----    ----
END OF MODULE INFORMATION.


C51 COMPILATION COMPLETE.  0 WARNING(S),  0 ERROR(S)
